#
# There is insufficient memory for the Java Runtime Environment to continue.
# Native memory allocation (malloc) failed to allocate 1048576 bytes for AllocateHeap
# Possible reasons:
#   The system is out of physical RAM or swap space
#   The process is running with CompressedOops enabled, and the Java Heap may be blocking the growth of the native heap
# Possible solutions:
#   Reduce memory load on the system
#   Increase physical memory or swap space
#   Check if swap backing store is full
#   Decrease Java heap size (-Xmx/-Xms)
#   Decrease number of Java threads
#   Decrease Java thread stack sizes (-Xss)
#   Set larger code cache with -XX:ReservedCodeCacheSize=
#   JVM is running with Unscaled Compressed Oops mode in which the Java heap is
#     placed in the first 4GB address space. The Java Heap base address is the
#     maximum limit for the native heap growth. Please use -XX:HeapBaseMinAddress
#     to set the Java Heap base and to place the Java Heap above 4GB virtual address.
# This output file may be truncated or incomplete.
#
#  Out of Memory Error (allocation.cpp:44), pid=24848, tid=20432
#
# JRE version:  (16.0.2+7) (build )
# Java VM: Java HotSpot(TM) 64-Bit Server VM (16.0.2+7-67, mixed mode, sharing, tiered, compressed oops, compressed class ptrs, g1 gc, windows-amd64)
# No core dump will be written. Minidumps are not enabled by default on client versions of Windows
#

---------------  S U M M A R Y ------------

Command Line: -Dfile.encoding=MS949 -XX:+ShowCodeDetailsInExceptionMessages Practice4

Host: Intel(R) Core(TM) i5-8265U CPU @ 1.60GHz, 8 cores, 7G,  Windows 10 , 64 bit Build 19041 (10.0.19041.1151)
Time: Sat Sep  4 00:26:44 2021  Windows 10 , 64 bit Build 19041 (10.0.19041.1151) elapsed time: 0.029888 seconds (0d 0h 0m 0s)

---------------  T H R E A D  ---------------

Current thread (0x0000020f64505740):  JavaThread "Unknown thread" [_thread_in_vm, id=20432, stack(0x0000005695200000,0x0000005695300000)]

Stack: [0x0000005695200000,0x0000005695300000]
Native frames: (J=compiled Java code, j=interpreted, Vv=VM code, C=native code)
V  [jvm.dll+0x6681ca]
V  [jvm.dll+0x7c9e69]
V  [jvm.dll+0x7cb61e]
V  [jvm.dll+0x7cbc73]
V  [jvm.dll+0x242c55]
V  [jvm.dll+0xa8732]
V  [jvm.dll+0x2ce354]
V  [jvm.dll+0x79c70c]
V  [jvm.dll+0x360791]
V  [jvm.dll+0x77a3f0]
V  [jvm.dll+0x3e4e8f]
V  [jvm.dll+0x3e6961]
C  [jli.dll+0x52fb]
C  [ucrtbase.dll+0x21bb2]
C  [KERNEL32.DLL+0x17034]
C  [ntdll.dll+0x52651]


---------------  P R O C E S S  ---------------

Threads class SMR info:
_java_thread_list=0x00007ffa0a08cbb8, length=0, elements={
}

Java Threads: ( => current thread )

Other Threads:

=>0x0000020f64505740 (exited) JavaThread "Unknown thread" [_thread_in_vm, id=20432, stack(0x0000005695200000,0x0000005695300000)]

Threads with active compile tasks:

VM state: not at safepoint (not fully initialized)

VM Mutex/Monitor currently owned by a thread: None

Heap address: 0x0000000000000000, size: 0 MB, Compressed Oops mode: 32-bit

CDS archive(s) mapped at: [0x0000000000000000-0x0000000000000000-0x0000000000000000), size 0, SharedBaseAddress: 0x0000000800000000, ArchiveRelocationMode: 0.
Narrow klass base: 0x0000000000000000, Narrow klass shift: 0, Narrow klass range: 0x0

GC Precious Log:
<Empty>

GC Heap History (0 events):
No events

Deoptimization events (0 events):
No events

Classes unloaded (0 events):
No events

Classes redefined (0 events):
No events

Internal exceptions (0 events):
No events

Events (1 events):
Event: 0.020 Loaded shared library C:\Program Files\Java\jdk-16.0.2\bin\java.dll


Dynamic libraries:
0x00007ff7f4a60000 - 0x00007ff7f4a70000 	C:\Program Files\Java\jdk-16.0.2\bin\javaw.exe
0x00007ffa6fa10000 - 0x00007ffa6fc05000 	C:\WINDOWS\SYSTEM32\ntdll.dll
0x00007ffa6f090000 - 0x00007ffa6f14d000 	C:\WINDOWS\System32\KERNEL32.DLL
0x00007ffa6d6c0000 - 0x00007ffa6d989000 	C:\WINDOWS\System32\KERNELBASE.dll
0x00007ffa6d400000 - 0x00007ffa6d500000 	C:\WINDOWS\System32\ucrtbase.dll
0x00007ffa68b60000 - 0x00007ffa68b78000 	C:\Program Files\Java\jdk-16.0.2\bin\jli.dll
0x00007ffa67670000 - 0x00007ffa67689000 	C:\Program Files\Java\jdk-16.0.2\bin\VCRUNTIME140.dll
0x00007ffa6edd0000 - 0x00007ffa6ee7c000 	C:\WINDOWS\System32\ADVAPI32.dll
0x00007ffa6f4b0000 - 0x00007ffa6f54e000 	C:\WINDOWS\System32\msvcrt.dll
0x00007ffa6da70000 - 0x00007ffa6db0b000 	C:\WINDOWS\System32\sechost.dll
0x00007ffa6e030000 - 0x00007ffa6e15a000 	C:\WINDOWS\System32\RPCRT4.dll
0x00007ffa6dcc0000 - 0x00007ffa6de60000 	C:\WINDOWS\System32\USER32.dll
0x00007ffa6da40000 - 0x00007ffa6da62000 	C:\WINDOWS\System32\win32u.dll
0x00007ffa6e000000 - 0x00007ffa6e02a000 	C:\WINDOWS\System32\GDI32.dll
0x00007ffa6d2f0000 - 0x00007ffa6d3fb000 	C:\WINDOWS\System32\gdi32full.dll
0x00007ffa6d500000 - 0x00007ffa6d59d000 	C:\WINDOWS\System32\msvcp_win.dll
0x00007ffa52d70000 - 0x00007ffa5300a000 	C:\WINDOWS\WinSxS\amd64_microsoft.windows.common-controls_6595b64144ccf1df_6.0.19041.1110_none_60b5254171f9507e\COMCTL32.dll
0x00007ffa5c360000 - 0x00007ffa5c36a000 	C:\WINDOWS\SYSTEM32\VERSION.dll
0x00007ffa6ebc0000 - 0x00007ffa6ebf0000 	C:\WINDOWS\System32\IMM32.DLL
0x00007ffa68b50000 - 0x00007ffa68b5c000 	C:\Program Files\Java\jdk-16.0.2\bin\vcruntime140_1.dll
0x00007ffa5b420000 - 0x00007ffa5b4b1000 	C:\Program Files\Java\jdk-16.0.2\bin\msvcp140.dll
0x00007ffa09580000 - 0x00007ffa0a12b000 	C:\Program Files\Java\jdk-16.0.2\bin\server\jvm.dll
0x00007ffa6edc0000 - 0x00007ffa6edc8000 	C:\WINDOWS\System32\PSAPI.DLL
0x00007ffa5bba0000 - 0x00007ffa5bba9000 	C:\WINDOWS\SYSTEM32\WSOCK32.dll
0x00007ffa5a260000 - 0x00007ffa5a287000 	C:\WINDOWS\SYSTEM32\WINMM.dll
0x00007ffa6df90000 - 0x00007ffa6dffb000 	C:\WINDOWS\System32\WS2_32.dll
0x00007ffa6b9d0000 - 0x00007ffa6b9e2000 	C:\WINDOWS\SYSTEM32\kernel.appcore.dll
0x00007ffa5b410000 - 0x00007ffa5b41a000 	C:\Program Files\Java\jdk-16.0.2\bin\jimage.dll
0x00007ffa6af50000 - 0x00007ffa6b134000 	C:\WINDOWS\SYSTEM32\DBGHELP.DLL
0x00007ffa61cb0000 - 0x00007ffa61cdc000 	C:\WINDOWS\SYSTEM32\dbgcore.DLL
0x00007ffa6d5d0000 - 0x00007ffa6d653000 	C:\WINDOWS\System32\bcryptPrimitives.dll
0x00007ffa5b3e0000 - 0x00007ffa5b405000 	C:\Program Files\Java\jdk-16.0.2\bin\java.dll

dbghelp: loaded successfully - version: 4.0.5 - missing functions: none
symbol engine: initialized successfully - sym options: 0x614 - pdb path: .;C:\Program Files\Java\jdk-16.0.2\bin;C:\WINDOWS\SYSTEM32;C:\WINDOWS\WinSxS\amd64_microsoft.windows.common-controls_6595b64144ccf1df_6.0.19041.1110_none_60b5254171f9507e;C:\Program Files\Java\jdk-16.0.2\bin\server

VM Arguments:
jvm_args: -Dfile.encoding=MS949 -XX:+ShowCodeDetailsInExceptionMessages 
java_command: Practice4
java_class_path (initial): C:\yongsang\java_src\FirstClass\bin
Launcher Type: SUN_STANDARD

[Global flags]
     intx CICompilerCount                          = 4                                         {product} {ergonomic}
     uint ConcGCThreads                            = 2                                         {product} {ergonomic}
     uint G1ConcRefinementThreads                  = 8                                         {product} {ergonomic}
   size_t G1HeapRegionSize                         = 1048576                                   {product} {ergonomic}
    uintx GCDrainStackTargetSize                   = 64                                        {product} {ergonomic}
   size_t InitialHeapSize                          = 134217728                                 {product} {ergonomic}
   size_t MarkStackSize                            = 4194304                                   {product} {ergonomic}
   size_t MaxHeapSize                              = 2118123520                                {product} {ergonomic}
   size_t MinHeapDeltaBytes                        = 1048576                                   {product} {ergonomic}
   size_t MinHeapSize                              = 8388608                                   {product} {ergonomic}
    uintx NonNMethodCodeHeapSize                   = 5839372                                {pd product} {ergonomic}
    uintx NonProfiledCodeHeapSize                  = 122909434                              {pd product} {ergonomic}
    uintx ProfiledCodeHeapSize                     = 122909434                              {pd product} {ergonomic}
    uintx ReservedCodeCacheSize                    = 251658240                              {pd product} {ergonomic}
     bool SegmentedCodeCache                       = true                                      {product} {ergonomic}
     bool ShowCodeDetailsInExceptionMessages       = true                                   {manageable} {command line}
   size_t SoftMaxHeapSize                          = 2118123520                             {manageable} {ergonomic}
     bool UseCompressedClassPointers               = true                           {product lp64_product} {ergonomic}
     bool UseCompressedOops                        = true                           {product lp64_product} {ergonomic}
     bool UseG1GC                                  = true                                      {product} {ergonomic}
     bool UseLargePagesIndividualAllocation        = false                                  {pd product} {ergonomic}

Logging:
Log output configuration:
 #0: stdout all=warning uptime,level,tags
 #1: stderr all=off uptime,level,tags

Environment Variables:
PATH=C:\Program Files\Common Files\Oracle\Java\javapath;C:\WINDOWS\system32;C:\WINDOWS;C:\WINDOWS\System32\Wbem;C:\WINDOWS\System32\WindowsPowerShell\v1.0\;C:\WINDOWS\System32\OpenSSH\;C:\Program Files\Java\jdk-16.0.2\bin;C:\Users\yongs\AppData\Local\Microsoft\WindowsApps;C:\Program Files\Bandizip\
USERNAME=yongsang
OS=Windows_NT
PROCESSOR_IDENTIFIER=Intel64 Family 6 Model 142 Stepping 11, GenuineIntel



---------------  S Y S T E M  ---------------

OS:
 Windows 10 , 64 bit Build 19041 (10.0.19041.1151)
OS uptime: 4 days 15:01 hours

CPU: total 8 (initial active 8) (4 cores per cpu, 2 threads per core) family 6 model 142 stepping 11 microcode 0xde, cx8, cmov, fxsr, ht, mmx, 3dnowpref, sse, sse2, sse3, ssse3, sse4.1, sse4.2, popcnt, lzcnt, tsc, tscinvbit, avx, avx2, aes, erms, clmul, bmi1, bmi2, adx, fma, vzeroupper, clflush, clflushopt

Memory: 4k page, system-wide physical 8078M (1387M free)
TotalPageFile size 32654M (AvailPageFile size 5M)
current process WorkingSet (physical memory assigned to process): 9M, peak: 9M
current process commit charge ("private bytes"): 10M, peak: 11M

vm_info: Java HotSpot(TM) 64-Bit Server VM (16.0.2+7-67) for windows-amd64 JRE (16.0.2+7-67), built on Jun  8 2021 23:24:19 by "mach5one" with MS VC++ 16.7 (VS2019)

END.
